#
# There is insufficient memory for the Java Runtime Environment to continue.
# Native memory allocation (malloc) failed to allocate 2163056 bytes for Chunk::new
# Possible reasons:
#   The system is out of physical RAM or swap space
#   The process is running with CompressedOops enabled, and the Java Heap may be blocking the growth of the native heap
# Possible solutions:
#   Reduce memory load on the system
#   Increase physical memory or swap space
#   Check if swap backing store is full
#   Decrease Java heap size (-Xmx/-Xms)
#   Decrease number of Java threads
#   Decrease Java thread stack sizes (-Xss)
#   Set larger code cache with -XX:ReservedCodeCacheSize=
#   JVM is running with Unscaled Compressed Oops mode in which the Java heap is
#     placed in the first 4GB address space. The Java Heap base address is the
#     maximum limit for the native heap growth. Please use -XX:HeapBaseMinAddress
#     to set the Java Heap base and to place the Java Heap above 4GB virtual address.
# This output file may be truncated or incomplete.
#
#  Out of Memory Error (./open/src/hotspot/share/memory/arena.cpp:197), pid=43788, tid=48680
#
# JRE version: Java(TM) SE Runtime Environment 18.9 (11.0.8+10) (build 11.0.8+10-LTS)
# Java VM: Java HotSpot(TM) 64-Bit Server VM 18.9 (11.0.8+10-LTS, mixed mode, tiered, compressed oops, g1 gc, windows-amd64)
# No core dump will be written. Minidumps are not enabled by default on client versions of Windows
#

---------------  S U M M A R Y ------------

Command Line: -Dfile.encoding=x-windows-949 -Duser.country=KR -Duser.language=ko -Duser.variant moviegoods.movie.MovieApplication

Host: Intel(R) Core(TM) i3-7100U CPU @ 2.40GHz, 4 cores, 3G,  Windows 10 , 64 bit Build 18362 (10.0.18362.1500)
Time: Tue Mar  1 23:52:14 2022 ¢¥eCN©öI¡¾©ö C¡ÍA¨ª¨öA elapsed time: 129 seconds (0d 0h 2m 9s)

---------------  T H R E A D  ---------------

Current thread (0x000002017fa10000):  JavaThread "C2 CompilerThread0" daemon [_thread_in_native, id=48680, stack(0x000000b653f00000,0x000000b654000000)]


Current CompileTask:
C2: 129784 7487       4       org.springframework.core.ResolvableType::resolveType (151 bytes)

Stack: [0x000000b653f00000,0x000000b654000000]
Native frames: (J=compiled Java code, j=interpreted, Vv=VM code, C=native code)
V  [jvm.dll+0x601aea]
V  [jvm.dll+0x737fef]
V  [jvm.dll+0x739675]
V  [jvm.dll+0x739cf3]
V  [jvm.dll+0x242848]
V  [jvm.dll+0xb999c]
V  [jvm.dll+0xb9f2c]
V  [jvm.dll+0x344162]
V  [jvm.dll+0x312003]
V  [jvm.dll+0x31134a]
V  [jvm.dll+0x1fc2e5]
V  [jvm.dll+0x1fb49f]
V  [jvm.dll+0x17e0fc]
V  [jvm.dll+0x20aaa4]
V  [jvm.dll+0x208b7b]
V  [jvm.dll+0x6ff90c]
V  [jvm.dll+0x6f845c]
V  [jvm.dll+0x600d66]
C  [ucrtbase.dll+0x210b2]
C  [KERNEL32.DLL+0x17c24]
C  [ntdll.dll+0x6d721]


---------------  P R O C E S S  ---------------

Threads class SMR info:
_java_thread_list=0x00000201181a55f0, length=25, elements={
0x000002017f9bd800, 0x000002017f9eb000, 0x000002017fa83000, 0x000002017fa0e000,
0x000002017fa10000, 0x000002017fa27800, 0x000002017faa4000, 0x000002017fd44000,
0x000002017fb9d800, 0x0000020117066800, 0x0000020114929000, 0x0000020113739800,
0x00000201134bd800, 0x00000201184a2800, 0x0000020116b5d800, 0x00000201147af000,
0x0000020175be5000, 0x0000020117604000, 0x0000020117d61800, 0x0000020113b9a000,
0x0000020113b9f000, 0x0000020113b9b800, 0x0000020113b9d800, 0x0000020113b9e000,
0x0000020113b9f800
}

Java Threads: ( => current thread )
  0x000002017f9bd800 JavaThread "Reference Handler" daemon [_thread_blocked, id=55628, stack(0x000000b653b00000,0x000000b653c00000)]
  0x000002017f9eb000 JavaThread "Finalizer" daemon [_thread_blocked, id=55048, stack(0x000000b653c00000,0x000000b653d00000)]
  0x000002017fa83000 JavaThread "Signal Dispatcher" daemon [_thread_blocked, id=54952, stack(0x000000b653d00000,0x000000b653e00000)]
  0x000002017fa0e000 JavaThread "Attach Listener" daemon [_thread_blocked, id=46960, stack(0x000000b653e00000,0x000000b653f00000)]
=>0x000002017fa10000 JavaThread "C2 CompilerThread0" daemon [_thread_in_native, id=48680, stack(0x000000b653f00000,0x000000b654000000)]
  0x000002017fa27800 JavaThread "C1 CompilerThread0" daemon [_thread_blocked, id=11148, stack(0x000000b654000000,0x000000b654100000)]
  0x000002017faa4000 JavaThread "Sweeper thread" daemon [_thread_blocked, id=41016, stack(0x000000b654100000,0x000000b654200000)]
  0x000002017fd44000 JavaThread "Service Thread" daemon [_thread_blocked, id=49636, stack(0x000000b654200000,0x000000b654300000)]
  0x000002017fb9d800 JavaThread "Common-Cleaner" daemon [_thread_blocked, id=28008, stack(0x000000b654400000,0x000000b654500000)]
  0x0000020117066800 JavaThread "Catalina-utility-1" [_thread_blocked, id=55808, stack(0x000000b654600000,0x000000b654700000)]
  0x0000020114929000 JavaThread "Catalina-utility-2" [_thread_blocked, id=55356, stack(0x000000b654900000,0x000000b654a00000)]
  0x0000020113739800 JavaThread "container-0" [_thread_blocked, id=56220, stack(0x000000b654a00000,0x000000b654b00000)]
  0x00000201134bd800 JavaThread "HikariPool-1 housekeeper" daemon [_thread_blocked, id=56084, stack(0x000000b654c00000,0x000000b654d00000)]
  0x00000201184a2800 JavaThread "MessageBroker-1" [_thread_blocked, id=56100, stack(0x000000b654d00000,0x000000b654e00000)]
  0x0000020116b5d800 JavaThread "http-nio-8080-Poller" daemon [_thread_in_native, id=44620, stack(0x000000b654e00000,0x000000b654f00000)]
  0x00000201147af000 JavaThread "http-nio-8080-Acceptor" daemon [_thread_in_native, id=55964, stack(0x000000b654f00000,0x000000b655000000)]
  0x0000020175be5000 JavaThread "DestroyJavaVM" [_thread_blocked, id=51252, stack(0x000000b653400000,0x000000b653500000)]
  0x0000020117604000 JavaThread "http-nio-8080-exec-1" daemon [_thread_blocked, id=56008, stack(0x000000b655200000,0x000000b655300000)]
  0x0000020117d61800 JavaThread "http-nio-8080-exec-2" daemon [_thread_in_Java, id=55500, stack(0x000000b655300000,0x000000b655400000)]
  0x0000020113b9a000 JavaThread "Exec Default Executor" daemon [_thread_in_native, id=56152, stack(0x000000b655400000,0x000000b655500000)]
  0x0000020113b9f000 JavaThread "Exec Stream Pumper" daemon [_thread_in_native, id=47132, stack(0x000000b655600000,0x000000b655700000)]
  0x0000020113b9b800 JavaThread "Exec Stream Pumper" daemon [_thread_in_native, id=52172, stack(0x000000b655700000,0x000000b655800000)]
  0x0000020113b9d800 JavaThread "OkHttp ConnectionPool" daemon [_thread_blocked, id=45364, stack(0x000000b655900000,0x000000b655a00000)]
  0x0000020113b9e000 JavaThread "Okio Watchdog" daemon [_thread_blocked, id=54956, stack(0x000000b655a00000,0x000000b655b00000)]
  0x0000020113b9f800 JavaThread "MessageBroker-2" [_thread_blocked, id=56984, stack(0x000000b655800000,0x000000b655900000)]

Other Threads:
  0x000002017f9b9000 VMThread "VM Thread" [stack: 0x000000b653a00000,0x000000b653b00000] [id=51248]
  0x000002017fb9d000 WatcherThread [stack: 0x000000b654300000,0x000000b654400000] [id=52796]
  0x0000020175bfd800 GCTaskThread "GC Thread#0" [stack: 0x000000b653500000,0x000000b653600000] [id=44816]
  0x0000020112e73800 GCTaskThread "GC Thread#1" [stack: 0x000000b654500000,0x000000b654600000] [id=50304]
  0x0000020113386000 GCTaskThread "GC Thread#2" [stack: 0x000000b654700000,0x000000b654800000] [id=50912]
  0x0000020113645800 GCTaskThread "GC Thread#3" [stack: 0x000000b654800000,0x000000b654900000] [id=44844]
  0x0000020175c17800 ConcurrentGCThread "G1 Main Marker" [stack: 0x000000b653600000,0x000000b653700000] [id=51380]
  0x0000020175c19000 ConcurrentGCThread "G1 Conc#0" [stack: 0x000000b653700000,0x000000b653800000] [id=35236]
  0x0000020175c64800 ConcurrentGCThread "G1 Refine#0" [stack: 0x000000b653800000,0x000000b653900000] [id=5544]
  0x0000020175c67800 ConcurrentGCThread "G1 Young RemSet Sampling" [stack: 0x000000b653900000,0x000000b653a00000] [id=56148]

Threads with active compile tasks:
C2 CompilerThread0 129921 7487       4       org.springframework.core.ResolvableType::resolveType (151 bytes)

VM state:not at safepoint (normal execution)

VM Mutex/Monitor currently owned by a thread: None

Heap address: 0x00000000c2200000, size: 990 MB, Compressed Oops mode: 32-bit
Narrow klass base: 0x0000000000000000, Narrow klass shift: 3
Compressed class space size: 1073741824 Address: 0x0000000100000000

Heap:
 garbage-first heap   total 76800K, used 50919K [0x00000000c2200000, 0x0000000100000000)
  region size 1024K, 23 young (23552K), 5 survivors (5120K)
 Metaspace       used 79716K, capacity 81807K, committed 81996K, reserved 1120256K
  class space    used 10176K, capacity 11003K, committed 11084K, reserved 1048576K
Heap Regions: E=young(eden), S=young(survivor), O=old, HS=humongous(starts), HC=humongous(continues), CS=collection set, F=free, A=archive, TAMS=top-at-mark-start (previous, next)
|   0|0x00000000c2200000, 0x00000000c2300000, 0x00000000c2300000|100%|HS|  |TAMS 0x00000000c2300000, 0x00000000c2200000| Complete 
|   1|0x00000000c2300000, 0x00000000c2400000, 0x00000000c2400000|100%| O|  |TAMS 0x00000000c2400000, 0x00000000c2300000| Untracked 
|   2|0x00000000c2400000, 0x00000000c2500000, 0x00000000c2500000|100%| O|  |TAMS 0x00000000c2500000, 0x00000000c2400000| Untracked 
|   3|0x00000000c2500000, 0x00000000c2600000, 0x00000000c2600000|100%| O|  |TAMS 0x00000000c2600000, 0x00000000c2500000| Untracked 
|   4|0x00000000c2600000, 0x00000000c2700000, 0x00000000c2700000|100%| O|  |TAMS 0x00000000c2700000, 0x00000000c2600000| Untracked 
|   5|0x00000000c2700000, 0x00000000c2800000, 0x00000000c2800000|100%| O|  |TAMS 0x00000000c2800000, 0x00000000c2700000| Untracked 
|   6|0x00000000c2800000, 0x00000000c2900000, 0x00000000c2900000|100%| O|  |TAMS 0x00000000c2900000, 0x00000000c2800000| Untracked 
|   7|0x00000000c2900000, 0x00000000c2a00000, 0x00000000c2a00000|100%| O|  |TAMS 0x00000000c2a00000, 0x00000000c2900000| Untracked 
|   8|0x00000000c2a00000, 0x00000000c2b00000, 0x00000000c2b00000|100%| O|  |TAMS 0x00000000c2b00000, 0x00000000c2a00000| Untracked 
|   9|0x00000000c2b00000, 0x00000000c2c00000, 0x00000000c2c00000|100%| O|  |TAMS 0x00000000c2c00000, 0x00000000c2b00000| Untracked 
|  10|0x00000000c2c00000, 0x00000000c2d00000, 0x00000000c2d00000|100%| O|  |TAMS 0x00000000c2d00000, 0x00000000c2c00000| Untracked 
|  11|0x00000000c2d00000, 0x00000000c2e00000, 0x00000000c2e00000|100%| O|  |TAMS 0x00000000c2e00000, 0x00000000c2d00000| Untracked 
|  12|0x00000000c2e00000, 0x00000000c2f00000, 0x00000000c2f00000|100%| O|  |TAMS 0x00000000c2f00000, 0x00000000c2e00000| Untracked 
|  13|0x00000000c2f00000, 0x00000000c3000000, 0x00000000c3000000|100%| O|  |TAMS 0x00000000c3000000, 0x00000000c2f00000| Untracked 
|  14|0x00000000c3000000, 0x00000000c3100000, 0x00000000c3100000|100%| O|  |TAMS 0x00000000c3100000, 0x00000000c3000000| Untracked 
|  15|0x00000000c3100000, 0x00000000c3200000, 0x00000000c3200000|100%| O|  |TAMS 0x00000000c3200000, 0x00000000c3100000| Untracked 
|  16|0x00000000c3200000, 0x00000000c3300000, 0x00000000c3300000|100%| O|  |TAMS 0x00000000c3300000, 0x00000000c3200000| Untracked 
|  17|0x00000000c3300000, 0x00000000c3400000, 0x00000000c3400000|100%| O|  |TAMS 0x00000000c3400000, 0x00000000c3300000| Untracked 
|  18|0x00000000c3400000, 0x00000000c3500000, 0x00000000c3500000|100%| O|  |TAMS 0x00000000c3500000, 0x00000000c3400000| Untracked 
|  19|0x00000000c3500000, 0x00000000c3600000, 0x00000000c3600000|100%| O|  |TAMS 0x00000000c3600000, 0x00000000c3500000| Untracked 
|  20|0x00000000c3600000, 0x00000000c3700000, 0x00000000c3700000|100%| O|  |TAMS 0x00000000c361ce00, 0x00000000c3600000| Untracked 
|  21|0x00000000c3700000, 0x00000000c3800000, 0x00000000c3800000|100%| O|  |TAMS 0x00000000c3700000, 0x00000000c3700000| Untracked 
|  22|0x00000000c3800000, 0x00000000c3900000, 0x00000000c3900000|100%| O|  |TAMS 0x00000000c3800000, 0x00000000c3800000| Untracked 
|  23|0x00000000c3900000, 0x00000000c3a00000, 0x00000000c3a00000|100%| O|  |TAMS 0x00000000c3900000, 0x00000000c3900000| Untracked 
|  24|0x00000000c3a00000, 0x00000000c3b00000, 0x00000000c3b00000|100%| O|  |TAMS 0x00000000c3a00000, 0x00000000c3a00000| Untracked 
|  25|0x00000000c3b00000, 0x00000000c3c00000, 0x00000000c3c00000|100%| O|  |TAMS 0x00000000c3b00000, 0x00000000c3b00000| Untracked 
|  26|0x00000000c3c00000, 0x00000000c3d00000, 0x00000000c3d00000|100%| O|  |TAMS 0x00000000c3c00000, 0x00000000c3c00000| Untracked 
|  27|0x00000000c3d00000, 0x00000000c3e00000, 0x00000000c3e00000|100%| O|  |TAMS 0x00000000c3d00000, 0x00000000c3d00000| Untracked 
|  28|0x00000000c3e00000, 0x00000000c3f00000, 0x00000000c3f00000|100%| O|  |TAMS 0x00000000c3e00000, 0x00000000c3e00000| Untracked 
|  29|0x00000000c3f00000, 0x00000000c3f56800, 0x00000000c4000000| 33%| O|  |TAMS 0x00000000c3f00000, 0x00000000c3f00000| Untracked 
|  30|0x00000000c4000000, 0x00000000c4000000, 0x00000000c4100000|  0%| F|  |TAMS 0x00000000c4000000, 0x00000000c4000000| Untracked 
|  31|0x00000000c4100000, 0x00000000c4100000, 0x00000000c4200000|  0%| F|  |TAMS 0x00000000c4100000, 0x00000000c4100000| Untracked 
|  32|0x00000000c4200000, 0x00000000c4200000, 0x00000000c4300000|  0%| F|  |TAMS 0x00000000c4200000, 0x00000000c4200000| Untracked 
|  33|0x00000000c4300000, 0x00000000c4300000, 0x00000000c4400000|  0%| F|  |TAMS 0x00000000c4300000, 0x00000000c4300000| Untracked 
|  34|0x00000000c4400000, 0x00000000c4400000, 0x00000000c4500000|  0%| F|  |TAMS 0x00000000c4400000, 0x00000000c4400000| Untracked 
|  35|0x00000000c4500000, 0x00000000c4500000, 0x00000000c4600000|  0%| F|  |TAMS 0x00000000c4500000, 0x00000000c4500000| Untracked 
|  36|0x00000000c4600000, 0x00000000c4600000, 0x00000000c4700000|  0%| F|  |TAMS 0x00000000c4600000, 0x00000000c4600000| Untracked 
|  37|0x00000000c4700000, 0x00000000c4700000, 0x00000000c4800000|  0%| F|  |TAMS 0x00000000c4700000, 0x00000000c4700000| Untracked 
|  38|0x00000000c4800000, 0x00000000c4800000, 0x00000000c4900000|  0%| F|  |TAMS 0x00000000c4800000, 0x00000000c4800000| Untracked 
|  39|0x00000000c4900000, 0x00000000c4900000, 0x00000000c4a00000|  0%| F|  |TAMS 0x00000000c4900000, 0x00000000c4900000| Untracked 
|  40|0x00000000c4a00000, 0x00000000c4a634b0, 0x00000000c4b00000| 38%| S|CS|TAMS 0x00000000c4a00000, 0x00000000c4a00000| Complete 
|  41|0x00000000c4b00000, 0x00000000c4c00000, 0x00000000c4c00000|100%| S|CS|TAMS 0x00000000c4b00000, 0x00000000c4b00000| Complete 
|  42|0x00000000c4c00000, 0x00000000c4d00000, 0x00000000c4d00000|100%| S|CS|TAMS 0x00000000c4c00000, 0x00000000c4c00000| Complete 
|  43|0x00000000c4d00000, 0x00000000c4d00000, 0x00000000c4e00000|  0%| F|  |TAMS 0x00000000c4d00000, 0x00000000c4d00000| Untracked 
|  44|0x00000000c4e00000, 0x00000000c4f00000, 0x00000000c4f00000|100%| S|CS|TAMS 0x00000000c4e00000, 0x00000000c4e00000| Complete 
|  45|0x00000000c4f00000, 0x00000000c5000000, 0x00000000c5000000|100%| S|CS|TAMS 0x00000000c4f00000, 0x00000000c4f00000| Complete 
|  46|0x00000000c5000000, 0x00000000c5000000, 0x00000000c5100000|  0%| F|  |TAMS 0x00000000c5000000, 0x00000000c5000000| Untracked 
|  47|0x00000000c5100000, 0x00000000c5100000, 0x00000000c5200000|  0%| F|  |TAMS 0x00000000c5100000, 0x00000000c5100000| Untracked 
|  48|0x00000000c5200000, 0x00000000c5200000, 0x00000000c5300000|  0%| F|  |TAMS 0x00000000c5200000, 0x00000000c5200000| Untracked 
|  49|0x00000000c5300000, 0x00000000c5300000, 0x00000000c5400000|  0%| F|  |TAMS 0x00000000c5300000, 0x00000000c5300000| Untracked 
|  50|0x00000000c5400000, 0x00000000c5400000, 0x00000000c5500000|  0%| F|  |TAMS 0x00000000c5400000, 0x00000000c5400000| Untracked 
|  51|0x00000000c5500000, 0x00000000c5500000, 0x00000000c5600000|  0%| F|  |TAMS 0x00000000c5500000, 0x00000000c5500000| Untracked 
|  52|0x00000000c5600000, 0x00000000c5600000, 0x00000000c5700000|  0%| F|  |TAMS 0x00000000c5600000, 0x00000000c5600000| Untracked 
|  53|0x00000000c5700000, 0x00000000c5700000, 0x00000000c5800000|  0%| F|  |TAMS 0x00000000c5700000, 0x00000000c5700000| Untracked 
|  54|0x00000000c5800000, 0x00000000c5800000, 0x00000000c5900000|  0%| F|  |TAMS 0x00000000c5800000, 0x00000000c5800000| Untracked 
|  55|0x00000000c5900000, 0x00000000c5900000, 0x00000000c5a00000|  0%| F|  |TAMS 0x00000000c5900000, 0x00000000c5900000| Untracked 
|  56|0x00000000c5a00000, 0x00000000c5a00000, 0x00000000c5b00000|  0%| F|  |TAMS 0x00000000c5a00000, 0x00000000c5a00000| Untracked 
|  57|0x00000000c5b00000, 0x00000000c5bfd850, 0x00000000c5c00000| 99%| E|  |TAMS 0x00000000c5b00000, 0x00000000c5b00000| Complete 
|  58|0x00000000c5c00000, 0x00000000c5d00000, 0x00000000c5d00000|100%| E|CS|TAMS 0x00000000c5c00000, 0x00000000c5c00000| Complete 
|  59|0x00000000c5d00000, 0x00000000c5e00000, 0x00000000c5e00000|100%| E|CS|TAMS 0x00000000c5d00000, 0x00000000c5d00000| Complete 
|  60|0x00000000c5e00000, 0x00000000c5f00000, 0x00000000c5f00000|100%| E|CS|TAMS 0x00000000c5e00000, 0x00000000c5e00000| Complete 
|  61|0x00000000c5f00000, 0x00000000c6000000, 0x00000000c6000000|100%| E|CS|TAMS 0x00000000c5f00000, 0x00000000c5f00000| Complete 
|  62|0x00000000c6000000, 0x00000000c6100000, 0x00000000c6100000|100%| E|CS|TAMS 0x00000000c6000000, 0x00000000c6000000| Complete 
|  63|0x00000000c6100000, 0x00000000c6200000, 0x00000000c6200000|100%| E|  |TAMS 0x00000000c6100000, 0x00000000c6100000| Complete 
|  64|0x00000000c6200000, 0x00000000c6300000, 0x00000000c6300000|100%| E|CS|TAMS 0x00000000c6200000, 0x00000000c6200000| Complete 
|  65|0x00000000c6300000, 0x00000000c6400000, 0x00000000c6400000|100%| E|CS|TAMS 0x00000000c6300000, 0x00000000c6300000| Complete 
|  66|0x00000000c6400000, 0x00000000c6500000, 0x00000000c6500000|100%| E|CS|TAMS 0x00000000c6400000, 0x00000000c6400000| Complete 
|  67|0x00000000c6500000, 0x00000000c6600000, 0x00000000c6600000|100%| E|CS|TAMS 0x00000000c6500000, 0x00000000c6500000| Complete 
|  68|0x00000000c6600000, 0x00000000c6700000, 0x00000000c6700000|100%| E|CS|TAMS 0x00000000c6600000, 0x00000000c6600000| Complete 
|  69|0x00000000c6700000, 0x00000000c6800000, 0x00000000c6800000|100%| E|CS|TAMS 0x00000000c6700000, 0x00000000c6700000| Complete 
|  70|0x00000000c6800000, 0x00000000c6900000, 0x00000000c6900000|100%| E|CS|TAMS 0x00000000c6800000, 0x00000000c6800000| Complete 
|  71|0x00000000c6900000, 0x00000000c6a00000, 0x00000000c6a00000|100%| E|CS|TAMS 0x00000000c6900000, 0x00000000c6900000| Complete 
|  72|0x00000000c6a00000, 0x00000000c6b00000, 0x00000000c6b00000|100%| E|CS|TAMS 0x00000000c6a00000, 0x00000000c6a00000| Complete 
|  73|0x00000000c6b00000, 0x00000000c6c00000, 0x00000000c6c00000|100%| E|CS|TAMS 0x00000000c6b00000, 0x00000000c6b00000| Complete 
|  74|0x00000000c6c00000, 0x00000000c6d00000, 0x00000000c6d00000|100%| E|CS|TAMS 0x00000000c6c00000, 0x00000000c6c00000| Complete 

Card table byte_map: [0x000002017e1b0000,0x000002017e3a0000] _byte_map_base: 0x000002017db9f000

Marking Bits (Prev, Next): (CMBitMap*) 0x0000020175c12d20, (CMBitMap*) 0x0000020175c12ce8
 Prev Bits: [0x000002010f000000, 0x000002010ff78000)
 Next Bits: [0x000002017e590000, 0x000002017f508000)

Polling page: 0x0000020173af0000

Metaspace:

Usage:
  Non-class:     69.14 MB capacity,    67.91 MB ( 98%) used,   991.89 KB (  1%) free+waste,   271.75 KB ( <1%) overhead. 
      Class:     10.75 MB capacity,     9.94 MB ( 92%) used,   700.64 KB (  6%) free+waste,   126.25 KB (  1%) overhead. 
       Both:     79.89 MB capacity,    77.85 MB ( 97%) used,     1.65 MB (  2%) free+waste,   398.00 KB ( <1%) overhead. 

Virtual space:
  Non-class space:       70.00 MB reserved,      69.25 MB ( 99%) committed 
      Class space:        1.00 GB reserved,      10.82 MB (  1%) committed 
             Both:        1.07 GB reserved,      80.07 MB (  7%) committed 

Chunk freelists:
   Non-Class:  5.50 KB
       Class:  640 bytes
        Both:  6.13 KB

CodeHeap 'non-profiled nmethods': size=120064Kb used=3788Kb max_used=3788Kb free=116275Kb
 bounds [0x0000020107ac0000, 0x0000020107e80000, 0x000002010f000000]
CodeHeap 'profiled nmethods': size=120000Kb used=14957Kb max_used=14957Kb free=105042Kb
 bounds [0x0000020100590000, 0x0000020101440000, 0x0000020107ac0000]
CodeHeap 'non-nmethods': size=5696Kb used=1269Kb max_used=1295Kb free=4426Kb
 bounds [0x0000020100000000, 0x0000020100270000, 0x0000020100590000]
 total_blobs=7676 nmethods=7030 adapters=556
 compilation: enabled
              stopped_count=0, restarted_count=0
 full_count=0

Compilation events (10 events):
Event: 129.593 Thread 0x000002017fa27800 7490       3       java.lang.StackTraceElement::<init> (10 bytes)
Event: 129.593 Thread 0x000002017fa27800 nmethod 7490 0x0000020101430910 code [0x0000020101430ac0, 0x0000020101430c78]
Event: 129.617 Thread 0x000002017fa27800 7491       3       java.lang.ModuleLayer::boot (4 bytes)
Event: 129.617 Thread 0x000002017fa27800 nmethod 7491 0x0000020101430d10 code [0x0000020101430ea0, 0x0000020101430ff8]
Event: 129.617 Thread 0x000002017fa27800 7492  s!   3       java.lang.StackTraceElement::computeFormat (71 bytes)
Event: 129.620 Thread 0x000002017fa27800 nmethod 7492 0x0000020101431090 code [0x00000201014312a0, 0x0000020101431c40]
Event: 129.621 Thread 0x000002017fa27800 7493       3       java.lang.StackTraceElement::isHashedInJavaBase (31 bytes)
Event: 129.622 Thread 0x000002017fa27800 nmethod 7493 0x0000020101431f10 code [0x0000020101432100, 0x0000020101432640]
Event: 129.758 Thread 0x000002017fa27800 7494       1       java.lang.StackTraceElement::getClassName (5 bytes)
Event: 129.758 Thread 0x000002017fa27800 nmethod 7494 0x0000020107e73090 code [0x0000020107e73220, 0x0000020107e73338]

GC Heap History (10 events):
Event: 24.185 GC heap before
{Heap before GC invocations=22 (full 0):
 garbage-first heap   total 76800K, used 58203K [0x00000000c2200000, 0x0000000100000000)
  region size 1024K, 36 young (36864K), 5 survivors (5120K)
 Metaspace       used 63790K, capacity 65292K, committed 65484K, reserved 1105920K
  class space    used 8166K, capacity 8783K, committed 8908K, reserved 1048576K
}
Event: 24.195 GC heap after
{Heap after GC invocations=23 (full 0):
 garbage-first heap   total 76800K, used 27927K [0x00000000c2200000, 0x0000000100000000)
  region size 1024K, 4 young (4096K), 4 survivors (4096K)
 Metaspace       used 63790K, capacity 65292K, committed 65484K, reserved 1105920K
  class space    used 8166K, capacity 8783K, committed 8908K, reserved 1048576K
}
Event: 25.073 GC heap before
{Heap before GC invocations=23 (full 0):
 garbage-first heap   total 76800K, used 59671K [0x00000000c2200000, 0x0000000100000000)
  region size 1024K, 35 young (35840K), 4 survivors (4096K)
 Metaspace       used 64429K, capacity 65960K, committed 66252K, reserved 1105920K
  class space    used 8214K, capacity 8827K, committed 8908K, reserved 1048576K
}
Event: 25.098 GC heap after
{Heap after GC invocations=24 (full 0):
 garbage-first heap   total 76800K, used 28529K [0x00000000c2200000, 0x0000000100000000)
  region size 1024K, 2 young (2048K), 2 survivors (2048K)
 Metaspace       used 64429K, capacity 65960K, committed 66252K, reserved 1105920K
  class space    used 8214K, capacity 8827K, committed 8908K, reserved 1048576K
}
Event: 27.245 GC heap before
{Heap before GC invocations=24 (full 0):
 garbage-first heap   total 76800K, used 61297K [0x00000000c2200000, 0x0000000100000000)
  region size 1024K, 34 young (34816K), 2 survivors (2048K)
 Metaspace       used 68834K, capacity 70446K, committed 70732K, reserved 1110016K
  class space    used 8793K, capacity 9446K, committed 9548K, reserved 1048576K
}
Event: 27.253 GC heap after
{Heap after GC invocations=25 (full 0):
 garbage-first heap   total 76800K, used 30361K [0x00000000c2200000, 0x0000000100000000)
  region size 1024K, 4 young (4096K), 4 survivors (4096K)
 Metaspace       used 68834K, capacity 70446K, committed 70732K, reserved 1110016K
  class space    used 8793K, capacity 9446K, committed 9548K, reserved 1048576K
}
Event: 36.030 GC heap before
{Heap before GC invocations=25 (full 0):
 garbage-first heap   total 76800K, used 62105K [0x00000000c2200000, 0x0000000100000000)
  region size 1024K, 35 young (35840K), 4 survivors (4096K)
 Metaspace       used 72571K, capacity 74365K, committed 74572K, reserved 1114112K
  class space    used 9264K, capacity 9974K, committed 10060K, reserved 1048576K
}
Event: 36.045 GC heap after
{Heap after GC invocations=26 (full 0):
 garbage-first heap   total 76800K, used 32233K [0x00000000c2200000, 0x0000000100000000)
  region size 1024K, 5 young (5120K), 5 survivors (5120K)
 Metaspace       used 72571K, capacity 74365K, committed 74572K, reserved 1114112K
  class space    used 9264K, capacity 9974K, committed 10060K, reserved 1048576K
}
Event: 39.156 GC heap before
{Heap before GC invocations=26 (full 0):
 garbage-first heap   total 76800K, used 60905K [0x00000000c2200000, 0x0000000100000000)
  region size 1024K, 34 young (34816K), 5 survivors (5120K)
 Metaspace       used 78646K, capacity 80736K, committed 80844K, reserved 1120256K
  class space    used 10081K, capacity 10911K, committed 10956K, reserved 1048576K
}
Event: 39.179 GC heap after
{Heap after GC invocations=27 (full 0):
 garbage-first heap   total 76800K, used 34535K [0x00000000c2200000, 0x0000000100000000)
  region size 1024K, 5 young (5120K), 5 survivors (5120K)
 Metaspace       used 78646K, capacity 80736K, committed 80844K, reserved 1120256K
  class space    used 10081K, capacity 10911K, committed 10956K, reserved 1048576K
}

Deoptimization events (10 events):
Event: 38.887 Thread 0x0000020117d61800 Uncommon trap: reason=class_check action=maybe_recompile pc=0x0000020107cfcbfc method=java.util.stream.StreamOpFlag.fromCharacteristics(Ljava/util/Spliterator;)I @ 14 c2
Event: 38.890 Thread 0x0000020117d61800 Uncommon trap: reason=unstable_if action=reinterpret pc=0x0000020107dfc580 method=java.util.stream.AbstractPipeline.evaluate(Ljava/util/stream/TerminalOp;)Ljava/lang/Object; @ 53 c2
Event: 38.890 Thread 0x0000020117d61800 Uncommon trap: reason=unstable_if action=reinterpret pc=0x0000020107dfac28 method=java.util.stream.AbstractPipeline.sourceSpliterator(I)Ljava/util/Spliterator; @ 82 c2
Event: 38.895 Thread 0x0000020117d61800 Uncommon trap: reason=class_check action=maybe_recompile pc=0x0000020107cfcbfc method=java.util.stream.StreamOpFlag.fromCharacteristics(Ljava/util/Spliterator;)I @ 14 c2
Event: 38.896 Thread 0x0000020117d61800 Uncommon trap: reason=class_check action=maybe_recompile pc=0x0000020107cfcbfc method=java.util.stream.StreamOpFlag.fromCharacteristics(Ljava/util/Spliterator;)I @ 14 c2
Event: 38.899 Thread 0x0000020117d61800 Uncommon trap: reason=class_check action=maybe_recompile pc=0x0000020107cfcbfc method=java.util.stream.StreamOpFlag.fromCharacteristics(Ljava/util/Spliterator;)I @ 14 c2
Event: 46.873 Thread 0x0000020117d61800 Uncommon trap: reason=class_check action=maybe_recompile pc=0x0000020107e3fd8c method=org.openqa.selenium.json.Input.init()V @ 18 c2
Event: 46.874 Thread 0x0000020117d61800 Uncommon trap: reason=class_check action=maybe_recompile pc=0x0000020107e3fd8c method=org.openqa.selenium.json.Input.init()V @ 18 c2
Event: 46.874 Thread 0x0000020117d61800 Uncommon trap: reason=class_check action=maybe_recompile pc=0x0000020107e3fd8c method=org.openqa.selenium.json.Input.init()V @ 18 c2
Event: 46.874 Thread 0x0000020117d61800 Uncommon trap: reason=class_check action=maybe_recompile pc=0x0000020107e3fd8c method=org.openqa.selenium.json.Input.init()V @ 18 c2

Classes redefined (0 events):
No events

Internal exceptions (10 events):
Event: 122.339 Thread 0x0000020117d61800 Exception <a 'java/net/SocketTimeoutException'{0x00000000c5df81a8}: Read timed out> (0x00000000c5df81a8) thrown at [./open/src/hotspot/share/prims/jni.cpp, line 632]
Event: 122.870 Thread 0x0000020117d61800 Exception <a 'java/net/SocketTimeoutException'{0x00000000c5c22ee0}: Read timed out> (0x00000000c5c22ee0) thrown at [./open/src/hotspot/share/prims/jni.cpp, line 632]
Event: 123.519 Thread 0x0000020117d61800 Exception <a 'java/net/SocketTimeoutException'{0x00000000c5c4cc38}: Read timed out> (0x00000000c5c4cc38) thrown at [./open/src/hotspot/share/prims/jni.cpp, line 632]
Event: 124.964 Thread 0x0000020117d61800 Exception <a 'java/net/SocketTimeoutException'{0x00000000c5c760b0}: Read timed out> (0x00000000c5c760b0) thrown at [./open/src/hotspot/share/prims/jni.cpp, line 632]
Event: 125.896 Thread 0x0000020117d61800 Exception <a 'java/net/SocketTimeoutException'{0x00000000c5c9f778}: Read timed out> (0x00000000c5c9f778) thrown at [./open/src/hotspot/share/prims/jni.cpp, line 632]
Event: 127.058 Thread 0x0000020117d61800 Exception <a 'java/net/SocketTimeoutException'{0x00000000c5cc8e40}: Read timed out> (0x00000000c5cc8e40) thrown at [./open/src/hotspot/share/prims/jni.cpp, line 632]
Event: 127.584 Thread 0x0000020117d61800 Exception <a 'java/net/SocketTimeoutException'{0x00000000c5cf22b8}: Read timed out> (0x00000000c5cf22b8) thrown at [./open/src/hotspot/share/prims/jni.cpp, line 632]
Event: 128.554 Thread 0x0000020117d61800 Exception <a 'java/net/SocketTimeoutException'{0x00000000c5b1be10}: Read timed out> (0x00000000c5b1be10) thrown at [./open/src/hotspot/share/prims/jni.cpp, line 632]
Event: 128.957 Thread 0x0000020117d61800 Exception <a 'java/lang/reflect/InvocationTargetException'{0x00000000c5b3e990}> (0x00000000c5b3e990) thrown at [./open/src/hotspot/share/runtime/reflection.cpp, line 1242]
Event: 129.664 Thread 0x0000020117d61800 Exception <a 'java/lang/NoClassDefFoundError'{0x00000000c5b93848}: sun/reflect/Reflection> (0x00000000c5b93848) thrown at [./open/src/hotspot/share/classfile/systemDictionary.cpp, line 217]

Events (10 events):
Event: 129.658 loading class sun/reflect/Reflection
Event: 129.664 loading class sun/reflect/Reflection done
Event: 129.669 loading class ch/qos/logback/classic/spi/STEUtil
Event: 129.669 loading class ch/qos/logback/classic/spi/STEUtil done
Event: 129.704 loading class ch/qos/logback/classic/spi/ClassPackagingData
Event: 129.704 loading class ch/qos/logback/classic/spi/ClassPackagingData done
Event: 129.718 loading class jdk/internal/reflect/GeneratedConstructorAccessor49
Event: 129.719 loading class jdk/internal/reflect/GeneratedConstructorAccessor49 done
Event: 129.740 loading class jdk/internal/reflect/GeneratedConstructorAccessor49
Event: 129.740 loading class jdk/internal/reflect/GeneratedConstructorAccessor49 done


Dynamic libraries:
0x00007ff764d90000 - 0x00007ff764d9f000 	C:\Program Files\Java\jdk-11.0.8\bin\java.exe
0x00007ffda0ac0000 - 0x00007ffda0cb0000 	C:\WINDOWS\SYSTEM32\ntdll.dll
0x00007ffd9f270000 - 0x00007ffd9f322000 	C:\WINDOWS\System32\KERNEL32.DLL
0x00007ffd9db40000 - 0x00007ffd9dde5000 	C:\WINDOWS\System32\KERNELBASE.dll
0x00007ffd9df90000 - 0x00007ffd9e08a000 	C:\WINDOWS\System32\ucrtbase.dll
0x00007ffd71330000 - 0x00007ffd71345000 	C:\Program Files\Java\jdk-11.0.8\bin\VCRUNTIME140.dll
0x00007ffd71310000 - 0x00007ffd71328000 	C:\Program Files\Java\jdk-11.0.8\bin\jli.dll
0x00007ffd9faf0000 - 0x00007ffd9fb93000 	C:\WINDOWS\System32\ADVAPI32.dll
0x00007ffd9eda0000 - 0x00007ffd9ee3e000 	C:\WINDOWS\System32\msvcrt.dll
0x00007ffda0290000 - 0x00007ffda0327000 	C:\WINDOWS\System32\sechost.dll
0x00007ffd9f9c0000 - 0x00007ffd9fadf000 	C:\WINDOWS\System32\RPCRT4.dll
0x00007ffd9f330000 - 0x00007ffd9f4c4000 	C:\WINDOWS\System32\USER32.dll
0x00007ffd9da80000 - 0x00007ffd9daa1000 	C:\WINDOWS\System32\win32u.dll
0x00007ffd9eb70000 - 0x00007ffd9eb96000 	C:\WINDOWS\System32\GDI32.dll
0x00007ffd9ddf0000 - 0x00007ffd9df88000 	C:\WINDOWS\System32\gdi32full.dll
0x00007ffd9ead0000 - 0x00007ffd9eb6e000 	C:\WINDOWS\System32\msvcp_win.dll
0x00007ffd8d350000 - 0x00007ffd8d5d4000 	C:\WINDOWS\WinSxS\amd64_microsoft.windows.common-controls_6595b64144ccf1df_6.0.18362.1556_none_9e7e372fe45e41d5\COMCTL32.dll
0x00007ffd9f680000 - 0x00007ffd9f9b6000 	C:\WINDOWS\System32\combase.dll
0x00007ffd9dab0000 - 0x00007ffd9db31000 	C:\WINDOWS\System32\bcryptPrimitives.dll
0x00007ffd8ece0000 - 0x00007ffd8ecea000 	C:\WINDOWS\SYSTEM32\VERSION.dll
0x00007ffd9f060000 - 0x00007ffd9f08e000 	C:\WINDOWS\System32\IMM32.DLL
0x00007ffd40380000 - 0x00007ffd4041b000 	C:\Program Files\Java\jdk-11.0.8\bin\msvcp140.dll
0x00007ffd1e600000 - 0x00007ffd1f0e6000 	C:\Program Files\Java\jdk-11.0.8\bin\server\jvm.dll
0x00007ffda0400000 - 0x00007ffda0408000 	C:\WINDOWS\System32\PSAPI.DLL
0x00007ffd89e80000 - 0x00007ffd89e89000 	C:\WINDOWS\SYSTEM32\WSOCK32.dll
0x00007ffd9b290000 - 0x00007ffd9b2b4000 	C:\WINDOWS\SYSTEM32\WINMM.dll
0x00007ffda0390000 - 0x00007ffda03ff000 	C:\WINDOWS\System32\WS2_32.dll
0x00007ffd9b260000 - 0x00007ffd9b28d000 	C:\WINDOWS\SYSTEM32\winmmbase.dll
0x00007ffd9da30000 - 0x00007ffd9da7a000 	C:\WINDOWS\System32\cfgmgr32.dll
0x00007ffd9d980000 - 0x00007ffd9d991000 	C:\WINDOWS\System32\kernel.appcore.dll
0x00007ffd8bf40000 - 0x00007ffd8bf50000 	C:\Program Files\Java\jdk-11.0.8\bin\verify.dll
0x00007ffd9c220000 - 0x00007ffd9c414000 	C:\WINDOWS\SYSTEM32\DBGHELP.DLL
0x00007ffd88e90000 - 0x00007ffd88eba000 	C:\WINDOWS\SYSTEM32\dbgcore.DLL
0x00007ffd712e0000 - 0x00007ffd71308000 	C:\Program Files\Java\jdk-11.0.8\bin\java.dll
0x00007ffd8bc10000 - 0x00007ffd8bc1a000 	C:\Program Files\Java\jdk-11.0.8\bin\jimage.dll
0x00007ffd67c00000 - 0x00007ffd67c16000 	C:\Program Files\Java\jdk-11.0.8\bin\zip.dll
0x00007ffd9fba0000 - 0x00007ffda0287000 	C:\WINDOWS\System32\SHELL32.dll
0x00007ffda0950000 - 0x00007ffda09f8000 	C:\WINDOWS\System32\shcore.dll
0x00007ffd9e2a0000 - 0x00007ffd9ea1b000 	C:\WINDOWS\System32\windows.storage.dll
0x00007ffd9d9a0000 - 0x00007ffd9d9be000 	C:\WINDOWS\System32\profapi.dll
0x00007ffd9d9c0000 - 0x00007ffd9da0a000 	C:\WINDOWS\System32\powrprof.dll
0x00007ffd9d970000 - 0x00007ffd9d980000 	C:\WINDOWS\System32\UMPDC.dll
0x00007ffd9eba0000 - 0x00007ffd9ebf2000 	C:\WINDOWS\System32\shlwapi.dll
0x00007ffd9e280000 - 0x00007ffd9e297000 	C:\WINDOWS\System32\cryptsp.dll
0x00007ffd67be0000 - 0x00007ffd67bf9000 	C:\Program Files\Java\jdk-11.0.8\bin\net.dll
0x00007ffd8ea00000 - 0x00007ffd8eafa000 	C:\WINDOWS\SYSTEM32\WINHTTP.dll
0x00007ffd9d150000 - 0x00007ffd9d1b7000 	C:\WINDOWS\system32\mswsock.dll
0x00007ffd67bc0000 - 0x00007ffd67bd2000 	C:\Program Files\Java\jdk-11.0.8\bin\nio.dll
0x00007ffd8b570000 - 0x00007ffd8b579000 	C:\Program Files\Java\jdk-11.0.8\bin\management.dll
0x00007ffd84f80000 - 0x00007ffd84f8b000 	C:\Program Files\Java\jdk-11.0.8\bin\management_ext.dll
0x00007ffd87fa0000 - 0x00007ffd87fb6000 	C:\WINDOWS\system32\napinsp.dll
0x00007ffd87f80000 - 0x00007ffd87f9a000 	C:\WINDOWS\system32\pnrpnsp.dll
0x00007ffd9cea0000 - 0x00007ffd9cf6b000 	C:\WINDOWS\SYSTEM32\DNSAPI.dll
0x00007ffd9ee40000 - 0x00007ffd9ee48000 	C:\WINDOWS\System32\NSI.dll
0x00007ffd9ce60000 - 0x00007ffd9ce9a000 	C:\WINDOWS\SYSTEM32\IPHLPAPI.DLL
0x00007ffd87f70000 - 0x00007ffd87f7e000 	C:\WINDOWS\System32\winrnr.dll
0x00007ffd99a30000 - 0x00007ffd99a4c000 	C:\WINDOWS\system32\NLAapi.dll
0x00007ffd85820000 - 0x00007ffd85835000 	C:\WINDOWS\system32\wshbth.dll
0x00007ffd8c820000 - 0x00007ffd8c82a000 	C:\Windows\System32\rasadhlp.dll
0x00007ffd8f0b0000 - 0x00007ffd8f127000 	C:\WINDOWS\System32\fwpuclnt.dll
0x00007ffd9e250000 - 0x00007ffd9e276000 	C:\WINDOWS\System32\bcrypt.dll
0x00007ffd9ccd0000 - 0x00007ffd9cd03000 	C:\WINDOWS\system32\rsaenh.dll
0x00007ffd9d890000 - 0x00007ffd9d8b5000 	C:\WINDOWS\SYSTEM32\USERENV.dll
0x00007ffd9d320000 - 0x00007ffd9d32c000 	C:\WINDOWS\SYSTEM32\CRYPTBASE.dll
0x00007ffd90e10000 - 0x00007ffd90e26000 	C:\WINDOWS\SYSTEM32\dhcpcsvc6.DLL
0x00007ffd90ae0000 - 0x00007ffd90afc000 	C:\WINDOWS\SYSTEM32\dhcpcsvc.DLL
0x00007ffd98260000 - 0x00007ffd9826d000 	C:\Program Files\Java\jdk-11.0.8\bin\sunmscapi.dll
0x00007ffd9e090000 - 0x00007ffd9e1e1000 	C:\WINDOWS\System32\CRYPT32.dll
0x00007ffd9da10000 - 0x00007ffd9da22000 	C:\WINDOWS\System32\MSASN1.dll
0x00007ffd9d430000 - 0x00007ffd9d456000 	C:\WINDOWS\SYSTEM32\ncrypt.dll
0x00007ffd9d3f0000 - 0x00007ffd9d42b000 	C:\WINDOWS\SYSTEM32\NTASN1.dll
0x00007ffd91160000 - 0x00007ffd91185000 	C:\Program Files\Java\jdk-11.0.8\bin\sunec.dll

dbghelp: loaded successfully - version: 4.0.5 - missing functions: none
symbol engine: initialized successfully - sym options: 0x614 - pdb path: .;C:\Program Files\Java\jdk-11.0.8\bin;C:\WINDOWS\SYSTEM32;C:\WINDOWS\WinSxS\amd64_microsoft.windows.common-controls_6595b64144ccf1df_6.0.18362.1556_none_9e7e372fe45e41d5;C:\Program Files\Java\jdk-11.0.8\bin\server

VM Arguments:
jvm_args: -Dfile.encoding=x-windows-949 -Duser.country=KR -Duser.language=ko -Duser.variant 
java_command: moviegoods.movie.MovieApplication
java_class_path (initial): C:\Users\LYS\Desktop\a\collector\collector\backend\build\classes\java\main;C:\Users\LYS\Desktop\a\collector\collector\backend\build\resources\main;C:\Users\LYS\.gradle\caches\modules-2\files-2.1\org.springframework.boot\spring-boot-starter-data-jpa\2.6.3\74c60a724e4f81c7527b848ee24e91ba6facfe24\spring-boot-starter-data-jpa-2.6.3.jar;C:\Users\LYS\.gradle\caches\modules-2\files-2.1\org.springframework.boot\spring-boot-starter-websocket\2.6.3\3544181a59393d10a5004f83411c5033df6356ce\spring-boot-starter-websocket-2.6.3.jar;C:\Users\LYS\.gradle\caches\modules-2\files-2.1\org.springframework.boot\spring-boot-starter-web\2.6.3\ceb6e909c144daf9e792069f5f0efd105c8712a\spring-boot-starter-web-2.6.3.jar;C:\Users\LYS\.gradle\caches\modules-2\files-2.1\org.springframework.boot\spring-boot-starter-validation\2.6.3\d4278bbf48292633d1c005ff3e0b997e8dbab805\spring-boot-starter-validation-2.6.3.jar;C:\Users\LYS\.gradle\caches\modules-2\files-2.1\org.webjars\sockjs-client\1.1.2\10be7e6f6ac454fba22005ed81f773575292fd8b\sockjs-client-1.1.2.jar;C:\Users\LYS\.gradle\caches\modules-2\files-2.1\org.webjars\stomp-websocket\2.3.3-1\ed1cc277023a290954c9f3cd6214941ed504f6f6\stomp-websocket-2.3.3-1.jar;C:\Users\LYS\.gradle\caches\modules-2\files-2.1\org.springframework.boot\spring-boot-starter-security\2.6.3\c48cabd79ac51f3decb8e89cb492e5962a186aa4\spring-boot-starter-security-2.6.3.jar;C:\Users\LYS\.gradle\caches\modules-2\files-2.1\com.google.firebase\firebase-admin\8.1.0\59a89fa404b2575d8f85187e07c0675aa55ee7a1\firebase-admin-8.1.0.jar;C:\Users\LYS\.gradle\caches\modules-2\files-2.1\org.jsoup\jsoup\1.14.2\5504b065b7582af4291826ecef463ff6729c5054\jsoup-1.14.2.jar;C:\Users\LYS\.gradle\caches\modules-2\files-2.1\org.seleniumhq.selenium\selenium-java\3.141.59\e8e20b741299cb8ffedbd2925a3ab69d08b41063\selenium-java-3.141.59.jar;C:\Users\LYS\.gradle\caches\modules-2\files-2.1\com.google.api-client\google-api-client-gson\1.32.1\bcd14452a94d85d584864c72b4be2c2229acd14\goog
Launcher Type: SUN_STANDARD

[Global flags]
     intx CICompilerCount                          = 3                                         {product} {ergonomic}
     uint ConcGCThreads                            = 1                                         {product} {ergonomic}
     uint G1ConcRefinementThreads                  = 4                                         {product} {ergonomic}
   size_t G1HeapRegionSize                         = 1048576                                   {product} {ergonomic}
    uintx GCDrainStackTargetSize                   = 64                                        {product} {ergonomic}
   size_t InitialHeapSize                          = 65011712                                  {product} {ergonomic}
   size_t MarkStackSize                            = 4194304                                   {product} {ergonomic}
   size_t MaxHeapSize                              = 1038090240                                {product} {ergonomic}
   size_t MaxNewSize                               = 622854144                                 {product} {ergonomic}
   size_t MinHeapDeltaBytes                        = 1048576                                   {product} {ergonomic}
    uintx NonNMethodCodeHeapSize                   = 5830732                                {pd product} {ergonomic}
    uintx NonProfiledCodeHeapSize                  = 122913754                              {pd product} {ergonomic}
    uintx ProfiledCodeHeapSize                     = 122913754                              {pd product} {ergonomic}
    uintx ReservedCodeCacheSize                    = 251658240                              {pd product} {ergonomic}
     bool SegmentedCodeCache                       = true                                      {product} {ergonomic}
     bool UseCompressedClassPointers               = true                                 {lp64_product} {ergonomic}
     bool UseCompressedOops                        = true                                 {lp64_product} {ergonomic}
     bool UseG1GC                                  = true                                      {product} {ergonomic}
     bool UseLargePagesIndividualAllocation        = false                                  {pd product} {ergonomic}

Logging:
Log output configuration:
 #0: stdout all=warning uptime,level,tags
 #1: stderr all=off uptime,level,tags

Environment Variables:
JAVA_HOME=C:\Program Files\Java\jdk-11.0.8
PATH=C:\oraclexe\app\oracle\product\11.2.0\server\bin;C:\Program Files\Common Files\Oracle\Java\javapath;C:\Program Files (x86)\Common Files\Oracle\Java\javapath;C:\Python38\Scripts\;C:\Python38\;C:\Program Files (x86)\Intel\iCLS Client\;C:\Program Files\Intel\iCLS Client\;C:\WINDOWS\system32;C:\WINDOWS;C:\WINDOWS\System32\Wbem;C:\WINDOWS\System32\WindowsPowerShell\v1.0\;C:\Program Files (x86)\Intel\Intel(R) Management Engine Components\DAL;C:\Program Files\Intel\Intel(R) Management Engine Components\DAL;C:\Program Files (x86)\Intel\Intel(R) Management Engine Components\IPT;C:\Program Files\Intel\Intel(R) Management Engine Components\IPT;C:\WINDOWS\System32\OpenSSH\;C:\Program Files (x86)\IncrediBuild;C:\ProgramData\chocolatey\bin;%JAVA_HOME%\bin;C:\Program Files (x86)\Brackets\command;C:\Program Files\MongoDB\Server\4.4\bin;C:\Users\LYS\AppData\Local\Android\Sdk\platform-tools;C:\Users\LYS\AppData\Local\Android\Sdk\tools;C:\Users\LYS\AppData\Local\Android\Sdk;C:\Program Files\dotnet\;C:\Program Files\Microsoft SQL Server\130\Tools\Binn\;C:\Program Files\Git\cmd;C:\Users\LYS\AppData\Local\Programs\Python\Python310\Scripts\;C:\Users\LYS\AppData\Local\Programs\Python\Python310\;C:\Program Files\DB Browser for SQLite\;C:\sqlite-tools-win32-x86-3370000;C:\Program Files\nodejs\;C:\Python39\Scripts\;C:\Python39\;C:\Users\LYS\AppData\Local\Programs\Python\Python310\Scripts\;C:\Users\LYS\AppData\Local\Programs\Python\Python310\;C:\Program Files\MySQL\MySQL Server 8.0\bin;C:\oraclexe\app\oracle\product\11.2.0\server\bin;C:\Program Files\Common Files\Oracle\Java\javapath;C:\Program Files (x86)\Common Files\Oracle\Java\javapath;C:\Python38\Scripts\;C:\Python38\;C:\Program Files (x86)\Intel\iCLS Client\;C:\Program Files\Intel\iCLS Client\;C:\WINDOWS\system32;C:\WINDOWS;C:\WINDOWS\System32\Wbem;C:\WINDOWS\System32\WindowsPowerShell\v1.0\;C:\Program Files (x86)\Intel\Intel(R) Management Engine Components\DAL;C:\Program Files\Intel\Intel(R) Management Engine Components\DAL;C:\Program
USERNAME=LYS
OS=Windows_NT
PROCESSOR_IDENTIFIER=Intel64 Family 6 Model 142 Stepping 9, GenuineIntel



---------------  S Y S T E M  ---------------

OS: Windows 10 , 64 bit Build 18362 (10.0.18362.1500)

CPU:total 4 (initial active 4) (2 cores per cpu, 2 threads per core) family 6 model 142 stepping 9, cmov, cx8, fxsr, mmx, sse, sse2, sse3, ssse3, sse4.1, sse4.2, popcnt, avx, avx2, aes, clmul, erms, 3dnowpref, lzcnt, ht, tsc, tscinvbit, bmi1, bmi2, adx, fma

Memory: 4k page, system-wide physical 3955M (40M free)
TotalPageFile size 16243M (AvailPageFile size 0M)
current process WorkingSet (physical memory assigned to process): 77M, peak: 242M
current process commit charge ("private bytes"): 284M, peak: 291M

vm_info: Java HotSpot(TM) 64-Bit Server VM (11.0.8+10-LTS) for windows-amd64 JRE (11.0.8+10-LTS), built on Jun 16 2020 05:53:08 by "mach5one" with unknown MS VC++:1916

END.
